<?xml version="1.0" encoding="UTF-8"?>
<!-- Generated by org.testng.reporters.JUnitReportReporter -->
<testsuite hostname="FVFHXEPAQ6LR" failures="0" tests="1" name="RestAssuredPBL.API_Q6" time="2.806" errors="0" timestamp="2023-05-17T21:04:33 IST" skipped="0">
  <testcase classname="RestAssuredPBL.API_Q6" name="test_deleteUser" time="2.806"/>
  <system-out/>
</testsuite> <!-- RestAssuredPBL.API_Q6 -->
