<?xml version="1.0" encoding="UTF-8"?>
<!-- Generated by org.testng.reporters.JUnitReportReporter -->
<testsuite hostname="FVFHXEPAQ6LR" failures="0" tests="1" name="CollectionOfRequest.Patch" time="2.790" errors="0" timestamp="2023-05-16T13:50:12 IST" skipped="0">
  <testcase classname="CollectionOfRequest.Patch" name="TC1" time="2.790"/>
  <system-out/>
</testsuite> <!-- CollectionOfRequest.Patch -->
