<?xml version="1.0" encoding="UTF-8"?>
<!-- Generated by org.testng.reporters.JUnitReportReporter -->
<testsuite hostname="FVFHXEPAQ6LR" failures="0" tests="1" name="CollectionOfRequest.Post" time="2.807" errors="0" timestamp="2023-05-16T12:25:10 IST" skipped="0">
  <testcase classname="CollectionOfRequest.Post" name="TC1" time="2.807"/>
  <system-out/>
</testsuite> <!-- CollectionOfRequest.Post -->
