<?xml version="1.0" encoding="UTF-8"?>
<!-- Generated by org.testng.reporters.JUnitReportReporter -->
<testsuite hostname="FVFHXEPAQ6LR" failures="0" tests="1" name="RestAssuredPBL.API_Q5" time="4.152" errors="0" timestamp="2023-05-17T21:03:02 IST" skipped="0">
  <testcase classname="RestAssuredPBL.API_Q5" name="test_patchUser" time="4.152"/>
  <system-out/>
</testsuite> <!-- RestAssuredPBL.API_Q5 -->
