<?xml version="1.0" encoding="UTF-8"?>
<!-- Generated by org.testng.reporters.JUnitReportReporter -->
<testsuite hostname="FVFHXEPAQ6LR" failures="0" tests="1" name="RestAssuredPBL.API_Q4" time="2.941" errors="0" timestamp="2023-05-17T21:01:06 IST" skipped="0">
  <testcase classname="RestAssuredPBL.API_Q4" name="test_updateUser" time="2.941"/>
  <system-out/>
</testsuite> <!-- RestAssuredPBL.API_Q4 -->
