<?xml version="1.0" encoding="UTF-8"?>
<!-- Generated by org.testng.reporters.JUnitReportReporter -->
<testsuite hostname="FVFHXEPAQ6LR" failures="0" tests="1" name="CollectionOfRequest.Put" time="2.766" errors="0" timestamp="2023-05-16T12:39:54 IST" skipped="0">
  <testcase classname="CollectionOfRequest.Put" name="TC1" time="2.766"/>
  <system-out/>
</testsuite> <!-- CollectionOfRequest.Put -->
