<?xml version="1.0" encoding="UTF-8"?>
<!-- Generated by org.testng.reporters.JUnitReportReporter -->
<testsuite hostname="FVFHXEPAQ6LR" failures="0" tests="1" name="CollectionOfRequest.Get" time="2.609" errors="0" timestamp="2023-05-16T12:12:37 IST" skipped="0">
  <testcase classname="CollectionOfRequest.Get" name="TC1" time="2.609"/>
  <system-out/>
</testsuite> <!-- CollectionOfRequest.Get -->
