<?xml version="1.0" encoding="UTF-8"?>
<!-- Generated by org.testng.reporters.JUnitReportReporter -->
<testsuite hostname="FVFHXEPAQ6LR" failures="0" tests="1" name="CollectionOfRequest.Delete" time="1.865" errors="0" timestamp="2023-05-16T13:45:20 IST" skipped="0">
  <testcase classname="CollectionOfRequest.Delete" name="TC1" time="1.865"/>
  <system-out/>
</testsuite> <!-- CollectionOfRequest.Delete -->
