<?xml version="1.0" encoding="UTF-8"?>
<!-- Generated by org.testng.reporters.JUnitReportReporter -->
<testsuite hostname="FVFHXEPAQ6LR" failures="0" tests="1" name="RestAssuredPBL.API_Q2" time="3.949" errors="0" timestamp="2023-05-17T20:43:28 IST" skipped="0">
  <testcase classname="RestAssuredPBL.API_Q2" name="TC2" time="3.949"/>
  <system-out/>
</testsuite> <!-- RestAssuredPBL.API_Q2 -->
